Requirement already satisfied: flask==3.0.0 in c:\users\hp\onedrive\desktop\ai-summarizer\.venv\lib\site-packages (from -r requirements.txt (line 1)) (3.0.0)
Requirement already satisfied: transformers==4.35.0 in c:\users\hp\onedrive\desktop\ai-summarizer\.venv\lib\site-packages (from -r requirements.txt (line 2)) (4.35.0)
Requirement already satisfied: torch==2.1.0 in c:\users\hp\onedrive\desktop\ai-summarizer\.venv\lib\site-packages (from -r requirements.txt (line 3)) (2.1.0)
Requirement already satisfied: redis==5.0.1 in c:\users\hp\onedrive\desktop\ai-summarizer\.venv\lib\site-packages (from -r requirements.txt (line 4)) (5.0.1)
Requirement already satisfied: gunicorn==21.2.0 in c:\users\hp\onedrive\desktop\ai-summarizer\.venv\lib\site-packages (from -r requirements.txt (line 5)) (21.2.0)
Requirement already satisfied: sentencepiece==0.1.99 in c:\users\hp\onedrive\desktop\ai-summarizer\.venv\lib\site-packages (from -r requirements.txt (line 6)) (0.1.99)
Requirement already satisfied: protobuf==4.25.0 in c:\users\hp\onedrive\desktop\ai-summarizer\.venv\lib\site-packages (from -r requirements.txt (line 7)) (4.25.0)
Requirement already satisfied: Werkzeug>=3.0.0 in c:\users\hp\onedrive\desktop\ai-summarizer\.venv\lib\site-packages (from flask==3.0.0->-r requirements.txt (line 1)) (3.1.3)
Requirement already satisfied: Jinja2>=3.1.2 in c:\users\hp\onedrive\desktop\ai-summarizer\.venv\lib\site-packages (from flask==3.0.0->-r requirements.txt (line 1)) (3.1.6)
Requirement already satisfied: itsdangerous>=2.1.2 in c:\users\hp\onedrive\desktop\ai-summarizer\.venv\lib\site-packages (from flask==3.0.0->-r requirements.txt (line 1)) (2.2.0)
Requirement already satisfied: click>=8.1.3 in c:\users\hp\onedrive\desktop\ai-summarizer\.venv\lib\site-packages (from flask==3.0.0->-r requirements.txt (line 1)) (8.3.0)
Requirement already satisfied: blinker>=1.6.2 in c:\users\hp\onedrive\desktop\ai-summarizer\.venv\lib\site-packages (from flask==3.0.0->-r requirements.txt (line 1)) (1.9.0)
Requirement already satisfied: filelock in c:\users\hp\onedrive\desktop\ai-summarizer\.venv\lib\site-packages (from transformers==4.35.0->-r requirements.txt (line 2)) (3.20.0)
Requirement already satisfied: huggingface-hub<1.0,>=0.16.4 in c:\users\hp\onedrive\desktop\ai-summarizer\.venv\lib\site-packages (from transformers==4.35.0->-r requirements.txt (line 2)) (0.17.3)
Requirement already satisfied: numpy>=1.17 in c:\users\hp\onedrive\desktop\ai-summarizer\.venv\lib\site-packages (from transformers==4.35.0->-r requirements.txt (line 2)) (2.3.4)
Requirement already satisfied: packaging>=20.0 in c:\users\hp\onedrive\desktop\ai-summarizer\.venv\lib\site-packages (from transformers==4.35.0->-r requirements.txt (line 2)) (25.0)
Requirement already satisfied: pyyaml>=5.1 in c:\users\hp\onedrive\desktop\ai-summarizer\.venv\lib\site-packages (from transformers==4.35.0->-r requirements.txt (line 2)) (6.0.3)
Requirement already satisfied: regex!=2019.12.17 in c:\users\hp\onedrive\desktop\ai-summarizer\.venv\lib\site-packages (from transformers==4.35.0->-r requirements.txt (line 2)) (2025.10.23)
Requirement already satisfied: requests in c:\users\hp\onedrive\desktop\ai-summarizer\.venv\lib\site-packages (from transformers==4.35.0->-r requirements.txt (line 2)) (2.32.5)
Requirement already satisfied: tokenizers<0.15,>=0.14 in c:\users\hp\onedrive\desktop\ai-summarizer\.venv\lib\site-packages (from transformers==4.35.0->-r requirements.txt (line 2)) (0.14.1)
Requirement already satisfied: safetensors>=0.3.1 in c:\users\hp\onedrive\desktop\ai-summarizer\.venv\lib\site-packages (from transformers==4.35.0->-r requirements.txt (line 2)) (0.6.2)
Requirement already satisfied: tqdm>=4.27 in c:\users\hp\onedrive\desktop\ai-summarizer\.venv\lib\site-packages (from transformers==4.35.0->-r requirements.txt (line 2)) (4.67.1)
Requirement already satisfied: typing-extensions in c:\users\hp\onedrive\desktop\ai-summarizer\.venv\lib\site-packages (from torch==2.1.0->-r requirements.txt (line 3)) (4.15.0)
Requirement already satisfied: sympy in c:\users\hp\onedrive\desktop\ai-summarizer\.venv\lib\site-packages (from torch==2.1.0->-r requirements.txt (line 3)) (1.14.0)
Requirement already satisfied: networkx in c:\users\hp\onedrive\desktop\ai-summarizer\.venv\lib\site-packages (from torch==2.1.0->-r requirements.txt (line 3)) (3.5)
Requirement already satisfied: fsspec in c:\users\hp\onedrive\desktop\ai-summarizer\.venv\lib\site-packages (from torch==2.1.0->-r requirements.txt (line 3)) (2025.10.0)
Requirement already satisfied: colorama in c:\users\hp\onedrive\desktop\ai-summarizer\.venv\lib\site-packages (from click>=8.1.3->flask==3.0.0->-r requirements.txt (line 1)) (0.4.6)
Requirement already satisfied: MarkupSafe>=2.0 in c:\users\hp\onedrive\desktop\ai-summarizer\.venv\lib\site-packages (from Jinja2>=3.1.2->flask==3.0.0->-r requirements.txt (line 1)) (3.0.3)
Requirement already satisfied: charset_normalizer<4,>=2 in c:\users\hp\onedrive\desktop\ai-summarizer\.venv\lib\site-packages (from requests->transformers==4.35.0->-r requirements.txt (line 2)) (3.4.4)
Requirement already satisfied: idna<4,>=2.5 in c:\users\hp\onedrive\desktop\ai-summarizer\.venv\lib\site-packages (from requests->transformers==4.35.0->-r requirements.txt (line 2)) (3.11)
Requirement already satisfied: urllib3<3,>=1.21.1 in c:\users\hp\onedrive\desktop\ai-summarizer\.venv\lib\site-packages (from requests->transformers==4.35.0->-r requirements.txt (line 2)) (2.5.0)
Requirement already satisfied: certifi>=2017.4.17 in c:\users\hp\onedrive\desktop\ai-summarizer\.venv\lib\site-packages (from requests->transformers==4.35.0->-r requirements.txt (line 2)) (2025.10.5)
Requirement already satisfied: mpmath<1.4,>=1.1.0 in c:\users\hp\onedrive\desktop\ai-summarizer\.venv\lib\site-packages (from sympy->torch==2.1.0->-r requirements.txt (line 3)) (1.3.0)
